<?xml version="1.0" encoding="UTF-8"?>
<!-- Generated by org.testng.reporters.JUnitXMLReporter -->
<testsuite hostname="Admin-PC" ignored="0" name="Surefire test" tests="2" failures="0" timestamp="2020-10-22T13:53:47 IST" time="0.241" errors="0">
  <testcase name="testAdditionWithPositiveValues" time="0.008" classname="JenkinsBatch.CalculatorAPI.TestCalculatorAPI"/>
  <testcase name="testAdditionWithNegativeValues" time="0.0" classname="JenkinsBatch.CalculatorAPI.TestCalculatorAPI"/>
</testsuite> <!-- Surefire test -->
