<?xml version="1.0" encoding="UTF-8"?>
<!-- Generated by org.testng.reporters.JUnitXMLReporter -->
<testsuite hostname="Admin-PC" ignored="0" name="UnitTesting" tests="2" failures="0" timestamp="2020-10-22T14:28:41 IST" time="0.108" errors="0">
  <testcase name="testAdditionWithPositiveValues" time="0.005" classname="JenkinsBatch.CalculatorAPI.TestCalculatorAPI"/>
  <testcase name="testAdditionWithNegativeValues" time="0.0" classname="JenkinsBatch.CalculatorAPI.TestCalculatorAPI"/>
</testsuite> <!-- UnitTesting -->
